<?xml version="1.0" encoding="UTF-8"?>
<!-- Generated by org.testng.reporters.JUnitReportReporter -->
<testsuite hostname="LTIN508405" failures="0" tests="4" name="TestRunner.TestRun" time="109.291" errors="0" timestamp="2024-04-22T17:22:40 IST" skipped="0">
  <testcase classname="TestRunner.TestRun" name="runScenario" time="18.563"/>
  <system-out/>
  <testcase classname="TestRunner.TestRun" name="runScenario" time="21.564"/>
  <system-out/>
  <testcase classname="TestRunner.TestRun" name="runScenario" time="22.937"/>
  <system-out/>
  <testcase classname="TestRunner.TestRun" name="runScenario" time="46.227"/>
  <system-out/>
</testsuite> <!-- TestRunner.TestRun -->
